<?xml version="1.0" encoding="UTF-8"?>
<!-- Generated by org.testng.reporters.JUnitXMLReporter -->
<testsuite ignored="0" hostname="CLVITN-9PZ6M13" failures="0" tests="3" name="Smoke Test" time="141.383" errors="0" timestamp="2023-03-16T12:15:37 IST">
  <testcase classname="tests.HomePageTest" name="verifyTitle" time="0.09"/>
  <testcase classname="tests.HomePageTest" name="verifySubscriptionPackageTypes" time="26.4"/>
  <testcase classname="tests.HomePageTest" name="verifyPriceAndCurrency" time="77.28"/>
</testsuite> <!-- Smoke Test -->
