<?xml version="1.0" encoding="UTF-8"?>
<testng-results ignored="0" total="3" passed="3" failed="0" skipped="0">
  <reporter-output>
  </reporter-output>
  <suite started-at="2023-03-16T12:13:15 IST" name="Smoke Test Suite" finished-at="2023-03-16T12:15:37 IST" duration-ms="141383">
    <groups>
    </groups>
    <test started-at="2023-03-16T12:13:15 IST" name="Smoke Test" finished-at="2023-03-16T12:15:37 IST" duration-ms="141383">
      <class name="tests.HomePageTest">
        <test-method is-config="true" signature="setup(org.testng.ITestContext)[pri:0, instance:tests.HomePageTest@68e965f5]" started-at="2023-03-16T12:13:15 IST" name="setup" finished-at="2023-03-16T12:13:52 IST" duration-ms="36611" status="PASS">
          <params>
            <param index="0">
              <value>
                <![CDATA[org.testng.TestRunner@15d42ccb]]>
              </value>
            </param>
          </params>
          <reporter-output>
          </reporter-output>
        </test-method> <!-- setup -->
        <test-method signature="verifyTitle()[pri:0, instance:tests.HomePageTest@68e965f5]" started-at="2023-03-16T12:13:52 IST" name="verifyTitle" finished-at="2023-03-16T12:13:52 IST" duration-ms="90" status="PASS">
          <reporter-output>
          </reporter-output>
        </test-method> <!-- verifyTitle -->
        <test-method signature="verifySubscriptionPackageTypes()[pri:1, instance:tests.HomePageTest@68e965f5]" started-at="2023-03-16T12:13:52 IST" name="verifySubscriptionPackageTypes" finished-at="2023-03-16T12:14:19 IST" duration-ms="26400" status="PASS">
          <reporter-output>
          </reporter-output>
        </test-method> <!-- verifySubscriptionPackageTypes -->
        <test-method signature="verifyPriceAndCurrency()[pri:2, instance:tests.HomePageTest@68e965f5]" started-at="2023-03-16T12:14:19 IST" name="verifyPriceAndCurrency" finished-at="2023-03-16T12:15:36 IST" duration-ms="77280" status="PASS">
          <reporter-output>
          </reporter-output>
        </test-method> <!-- verifyPriceAndCurrency -->
        <test-method is-config="true" signature="tearDown()[pri:0, instance:tests.HomePageTest@68e965f5]" started-at="2023-03-16T12:15:36 IST" name="tearDown" finished-at="2023-03-16T12:15:37 IST" duration-ms="885" status="PASS">
          <reporter-output>
          </reporter-output>
        </test-method> <!-- tearDown -->
      </class> <!-- tests.HomePageTest -->
    </test> <!-- Smoke Test -->
  </suite> <!-- Smoke Test Suite -->
</testng-results>
